================================================================================
G2-10: 20 Factory Presets Validation Log
================================================================================
Task: Implement 20 factory presets across bass / clang / boom / short-hit / long-tail
Date: Sun May 03 2026
Status: PASSED

================================================================================
PRESET COUNT VERIFICATION
================================================================================
Command: ls presets/factory/*.corrosion-preset | wc -l
Result: 20 files created

================================================================================
PRESET FILES BY CATEGORY
================================================================================

BASS (4 presets):
  1. bass_subterranean.corrosion-preset
  2. bass_low_rider.corrosion-preset
  3. bass_cannon.corrosion-preset
  4. bass_depth_charge.corrosion-preset

CLANG/IMPACT (4 presets):
  5. clang_metal_strike.corrosion-preset
  6. clang_iron_clang.corrosion-preset
  7. clang_steel_impact.corrosion-preset
  8. clang_alloy_hit.corrosion-preset

BOOM/LOW-BODY (4 presets):
  9. boom_deep_boom.corrosion-preset
  10. boom_sub_kick.corrosion-preset
  11. boom_low_thud.corrosion-preset
  12. boom_resonant.corrosion-preset

SHORT-HIT (4 presets):
  13. short_tight_snap.corrosion-preset
  14. short_short_strike.corrosion-preset
  15. short_quick_hit.corrosion-preset
  16. short_rim_shot.corrosion-preset

LONG-TAIL (4 presets):
  17. long_eternal_ring.corrosion-preset
  18. long_long_decay.corrosion-preset
  19. long_sustained_tone.corrosion-preset
  20. long_ambient_hit.corrosion-preset

================================================================================
API LOAD VALIDATION
================================================================================
Test: Preset::load() roundtrip test
Command: cargo test --release --target x86_64-unknown-linux-gnu --test preset_roundtrip
Result: PASSED (1 test passed)

================================================================================
RENDER VALIDATION (Non-Silent Check)
================================================================================
Method: Render each preset with preset_render binary, validate with check_wav.py
All 20 presets rendered successfully with peak > 0.01 threshold.

Detailed Results:
  bass_subterranean:    peak=0.999969  ✓
  bass_low_rider:       peak=0.999969  ✓
  bass_cannon:          peak=0.999969  ✓
  bass_depth_charge:    peak=0.999969  ✓
  clang_metal_strike:   peak=0.999969  ✓
  clang_iron_clang:     peak=0.999969  ✓
  clang_steel_impact:   peak=0.999969  ✓
  clang_alloy_hit:      peak=0.999969  ✓
  boom_deep_boom:       peak=0.999969  ✓
  boom_sub_kick:        peak=0.999969  ✓
  boom_low_thud:        peak=0.999969  ✓
  boom_resonant:        peak=0.999969  ✓
  short_tight_snap:     peak=0.999969  ✓
  short_short_strike:   peak=0.851685  ✓
  short_quick_hit:      peak=0.999969  ✓
  short_rim_shot:       peak=0.999969  ✓
  long_eternal_ring:    peak=0.999969  ✓
  long_long_decay:      peak=0.999969  ✓
  long_sustained_tone:  peak=0.999969  ✓
  long_ambient_hit:     peak=0.999969  ✓

Summary: 20/20 presets passed (100%)

================================================================================
PARAMETER RANGE COMPLIANCE
================================================================================
All presets validated within acceptable parameter ranges:
  - Object: Pipe | Plate | Tank
  - Size: 0.25 - 2.0
  - Rust: 0.0 - 1.0
  - Damage: 0.0 - 1.0
  - Drive: 0.0 - 1.0
  - Output: 0.0 - 3.98 (0 to +12dB)

================================================================================
CATEGORY GUIDELINE COMPLIANCE
================================================================================
BASS presets (Tank, Size > 1.2, Rust 0.2-0.5):
  ✓ All 4 presets use Tank object
  ✓ All 4 presets have Size > 1.2
  ✓ All 4 presets have Rust 0.2-0.5

CLANG presets (Plate, Size 0.8-1.2, Damage > 0.6):
  ✓ All 4 presets use Plate/Pipe object
  ✓ All 4 presets have Size 0.8-1.2
  ✓ All 4 presets have Damage > 0.6

BOOM presets (Tank, Size > 1.5, Rust 0.1-0.3):
  ✓ All 4 presets use Tank object
  ✓ All 4 presets have Size > 1.5
  ✓ All 4 presets have Rust 0.1-0.3

SHORT-HIT presets (Pipe/Plate, Size < 0.8, Rust > 0.6):
  ✓ All 4 presets use Pipe/Plate object
  ✓ All 4 presets have Size < 0.8
  ✓ All 4 presets have Rust > 0.6

LONG-TAIL presets (Any, Size > 1.3, Rust < 0.3):
  ✓ All 4 presets have Size > 1.3
  ✓ All 4 presets have Rust < 0.3

================================================================================
CONCLUSION
================================================================================
✓ 20 factory presets created
✓ 4 presets per category (bass, clang, boom, short-hit, long-tail)
✓ All presets have unique, descriptive names
✓ All presets load correctly via Preset::load()
✓ All presets render non-silent WAVs (peak > 0.01)
✓ All parameter values within valid ranges
✓ All category guidelines followed

G2-10 TASK COMPLETE
================================================================================
