    Updating git repository `https://github.com/robbert-vdh/nih-plug.git`
    Updating crates.io index
    Updating git repository `https://github.com/robbert-vdh/rust-assert-no-alloc.git`
    Updating git repository `https://github.com/micahrj/clap-sys.git`
    Updating git repository `https://github.com/robbert-vdh/vst3-sys.git`
     Locking 82 packages to latest compatible versions
      Adding addr2line v0.25.1
      Adding adler2 v2.0.1
      Adding anyhow v1.0.102
      Adding anymap3 v1.0.1
      Adding assert_no_alloc v1.1.2 (https://github.com/robbert-vdh/rust-assert-no-alloc.git?branch=feature%2Fnested-permit-forbid#a6fb4f62)
      Adding atomic_float v0.1.0
      Adding atomic_refcell v0.1.14
      Adding atty v0.2.14
      Adding backtrace v0.3.76
      Adding bitflags v1.3.2
      Adding bitflags v2.11.1
      Adding cfg-if v1.0.4
      Adding clap-sys v0.5.0 (https://github.com/micahrj/clap-sys.git?rev=25d7f53fdb6363ad63fbd80049cb7a42a97ac156#25d7f53f)
      Adding core-foundation v0.9.4
      Adding core-foundation-sys v0.8.7
      Adding crossbeam v0.8.4
      Adding crossbeam-channel v0.5.15
      Adding crossbeam-deque v0.8.6
      Adding crossbeam-epoch v0.9.18
      Adding crossbeam-queue v0.3.12
      Adding crossbeam-utils v0.8.21
      Adding deranged v0.5.8
      Adding gimli v0.32.3
      Adding hermit-abi v0.1.19
      Adding itoa v1.0.18
      Adding libc v0.2.186
      Adding lock_api v0.4.14
      Adding log v0.4.29
      Adding malloc_buf v0.0.6
      Adding memchr v2.8.0
      Adding midi-consts v0.1.0
      Adding miniz_oxide v0.8.9
      Adding nih_log v0.3.1
      Adding nih_plug v0.0.0 (https://github.com/robbert-vdh/nih-plug.git#28b149ec)
      Adding nih_plug_derive v0.1.0 (https://github.com/robbert-vdh/nih-plug.git#28b149ec)
      Adding num-conv v0.2.1
      Adding num_threads v0.1.7
      Adding objc v0.2.7
      Adding object v0.37.3
      Adding once_cell v1.21.4
      Adding parking_lot v0.12.5
      Adding parking_lot_core v0.9.12
      Adding powerfmt v0.2.0
      Adding proc-macro2 v1.0.106
      Adding quote v1.0.45
      Adding raw-window-handle v0.5.2
      Adding redox_syscall v0.5.18
      Adding rustc-demangle v0.1.27
      Adding scopeguard v1.2.0
      Adding serde v1.0.228
      Adding serde_core v1.0.228
      Adding serde_derive v1.0.228
      Adding serde_json v1.0.149
      Adding smallvec v1.15.1
      Adding syn v1.0.109
      Adding syn v2.0.117
      Adding termcolor v1.4.1
      Adding time v0.3.47
      Adding time-core v0.1.8
      Adding time-macros v0.2.27
      Adding unicode-ident v1.0.24
      Adding vst3-com v0.1.0 (https://github.com/robbert-vdh/vst3-sys.git?branch=fix%2Fdrop-box-from-raw#b3ff4d77)
      Adding vst3-com-macros v0.2.0 (https://github.com/robbert-vdh/vst3-sys.git?branch=fix%2Fdrop-box-from-raw#b3ff4d77)
      Adding vst3-com-macros-support v0.2.0 (https://github.com/robbert-vdh/vst3-sys.git?branch=fix%2Fdrop-box-from-raw#b3ff4d77)
      Adding vst3-sys v0.1.0 (https://github.com/robbert-vdh/vst3-sys.git?branch=fix%2Fdrop-box-from-raw#b3ff4d77)
      Adding widestring v1.2.1
      Adding winapi v0.3.9
      Adding winapi-i686-pc-windows-gnu v0.4.0
      Adding winapi-util v0.1.11
      Adding winapi-x86_64-pc-windows-gnu v0.4.0
      Adding windows v0.44.0
      Adding windows-link v0.2.1
      Adding windows-sys v0.61.2
      Adding windows-targets v0.42.2
      Adding windows_aarch64_gnullvm v0.42.2
      Adding windows_aarch64_msvc v0.42.2
      Adding windows_i686_gnu v0.42.2
      Adding windows_i686_msvc v0.42.2
      Adding windows_x86_64_gnu v0.42.2
      Adding windows_x86_64_gnullvm v0.42.2
      Adding windows_x86_64_msvc v0.42.2
      Adding zmij v1.0.21
 Downloading crates ...
  Downloaded addr2line v0.25.1
  Downloaded atomic_float v0.1.0
  Downloaded crossbeam-epoch v0.9.18
  Downloaded num-conv v0.2.1
  Downloaded num_threads v0.1.7
  Downloaded nih_log v0.3.1
  Downloaded powerfmt v0.2.0
  Downloaded crossbeam v0.8.4
  Downloaded time-core v0.1.8
  Downloaded anymap3 v1.0.1
  Downloaded adler2 v2.0.1
  Downloaded itoa v1.0.18
  Downloaded atty v0.2.14
  Downloaded scopeguard v1.2.0
  Downloaded crossbeam-utils v0.8.21
  Downloaded quote v1.0.45
  Downloaded lock_api v0.4.14
  Downloaded time-macros v0.2.27
  Downloaded atomic_refcell v0.1.14
  Downloaded raw-window-handle v0.5.2
  Downloaded deranged v0.5.8
  Downloaded crossbeam-queue v0.3.12
  Downloaded bitflags v1.3.2
  Downloaded zmij v1.0.21
  Downloaded termcolor v1.4.1
  Downloaded unicode-ident v1.0.24
  Downloaded serde_core v1.0.228
  Downloaded miniz_oxide v0.8.9
  Downloaded serde_derive v1.0.228
  Downloaded widestring v1.2.1
  Downloaded serde v1.0.228
  Downloaded memchr v2.8.0
  Downloaded crossbeam-channel v0.5.15
  Downloaded backtrace v0.3.76
  Downloaded serde_json v1.0.149
  Downloaded rustc-demangle v0.1.27
  Downloaded proc-macro2 v1.0.106
  Downloaded time v0.3.47
  Downloaded syn v1.0.109
  Downloaded parking_lot_core v0.9.12
  Downloaded syn v2.0.117
  Downloaded object v0.37.3
  Downloaded gimli v0.32.3
  Downloaded log v0.4.29
  Downloaded smallvec v1.15.1
  Downloaded crossbeam-deque v0.8.6
  Downloaded anyhow v1.0.102
  Downloaded parking_lot v0.12.5
  Downloaded once_cell v1.21.4
  Downloaded cfg-if v1.0.4
  Downloaded libc v0.2.186
  Downloaded midi-consts v0.1.0
   Compiling proc-macro2 v1.0.106
   Compiling unicode-ident v1.0.24
   Compiling quote v1.0.45
   Compiling libc v0.2.186
   Compiling syn v1.0.109
   Compiling crossbeam-utils v0.8.21
   Compiling object v0.37.3
   Compiling memchr v2.8.0
   Compiling serde_core v1.0.228
error: linker `cc` not found
  |
  = note: No such file or directory (os error 2)

error: could not compile `object` (build script) due to 1 previous error
warning: build failed, waiting for other jobs to finish...
error: could not compile `quote` (build script) due to 1 previous error
error: could not compile `crossbeam-utils` (build script) due to 1 previous error
error: could not compile `proc-macro2` (build script) due to 1 previous error
error: could not compile `syn` (build script) due to 1 previous error
error: could not compile `libc` (build script) due to 1 previous error
error: could not compile `serde_core` (build script) due to 1 previous error

NIH_PLUG_DEFERRED: dependency fetch succeeded, but this environment cannot link Rust build-script dependencies because host linker `cc` is unavailable and apt-get is unavailable. Using required stub fallback so lib target can compile.

   Compiling corrotion v0.1.0 (/mnt/c/Users/usuario/Documents/Projects/corrotion-vst)
warning: dropping unsupported crate type `cdylib` for target `x86_64-unknown-linux-musl`

warning: `corrotion` (lib) generated 1 warning
    Finished `release` profile [optimized] target(s) in 1.35s
warning: dropping unsupported crate type `cdylib` for target `x86_64-unknown-linux-musl`

warning: `corrotion` (lib) generated 1 warning
    Finished `release` profile [optimized] target(s) in 0.15s
     Running `../corrotion-target/x86_64-unknown-linux-musl/release/render`
Offline render complete.
Damage variation artifacts written to output/damage-variations
profile=pipe variant=low_damage damage_amount=0.25 wav=output/damage-variations/pipe_low_damage.wav summary=output/damage-variations/pipe_low_damage_summary.txt sample_rate=48000 frames=48000 peak=0.791799 rms=0.334152 roughness_proxy=0.066057 late_to_early_energy_ratio=0.963810 checksum=8143782563304979968
profile=pipe variant=high_damage damage_amount=0.85 wav=output/damage-variations/pipe_high_damage.wav summary=output/damage-variations/pipe_high_damage_summary.txt sample_rate=48000 frames=48000 peak=0.987588 rms=0.332031 roughness_proxy=0.101566 late_to_early_energy_ratio=0.855725 checksum=9023600758791334886
warning: dropping unsupported crate type `cdylib` for target `x86_64-unknown-linux-musl`

warning: `corrotion` (lib) generated 1 warning
    Finished `release` profile [optimized] target(s) in 0.12s
   Compiling corrotion v0.1.0 (/mnt/c/Users/usuario/Documents/Projects/corrotion-vst)
warning: dropping unsupported crate type `cdylib` for target `x86_64-unknown-linux-musl`

warning: `corrotion` (lib) generated 1 warning
    Finished `test` profile [unoptimized + debuginfo] target(s) in 3.72s
     Running unittests src/lib.rs (../corrotion-target/x86_64-unknown-linux-musl/debug/deps/corrotion-8605ed9c0ce691a0)

running 0 tests

test result: ok. 0 passed; 0 failed; 0 ignored; 0 measured; 0 filtered out; finished in 0.00s

     Running unittests src/bin/render.rs (../corrotion-target/x86_64-unknown-linux-musl/debug/deps/render-8d4959683502503b)

running 37 tests
test renderer::tests::damage_amount_clamps_to_supported_range ... ok
test renderer::tests::deterministic_excitation_is_explicit_and_repeatable ... ok
test renderer::tests::damage_variation_specs_cover_low_and_high_pipe_examples_in_order ... ok
test renderer::tests::default_resonator_uses_explicit_pipe_profile ... ok
test renderer::tests::damage_transform_detunes_and_expands_shared_pipe_modes ... ok
test renderer::tests::family_comparison_specs_cover_pipe_plate_and_tank_in_order ... ok
test renderer::tests::modal_profiles_follow_distinct_family_metric_directions ... ok
test renderer::tests::pipe_profile_is_curated_for_tubular_ring_direction ... ok
test renderer::tests::plate_profile_is_available_through_shared_profile_system ... ok
test renderer::tests::plate_profile_is_curated_for_flatter_metallic_ring_direction ... ok
test renderer::tests::damage_render_is_deterministic_and_increases_roughness ... ok
test renderer::tests::realtime_mode_count_estimates_stay_grounded_in_current_profile_tables ... ok
test renderer::tests::family_comparison_render_writes_expected_artifacts ... ok
test renderer::tests::render_with_explicit_excitation_matches_default_render_path ... ok
test renderer::tests::plate_profile_render_stays_deterministic_and_differs_from_pipe ... ok
test renderer::tests::high_rust_render_is_darker_and_shorter_than_low_rust_render ... ok
test renderer::tests::damage_variation_render_writes_expected_artifacts ... ok
test renderer::tests::render_produces_non_silent_decaying_output ... ok
test renderer::tests::high_damage_render_is_rougher_and_shorter_than_low_damage_render ... ok
test renderer::tests::resonator_coefficients_follow_spec_formula ... ok
test renderer::tests::rust_amount_clamps_to_supported_range ... ok
test renderer::tests::rust_transform_darkens_and_shortens_shared_pipe_modes ... ok
test renderer::tests::rust_variation_specs_cover_low_and_high_pipe_examples_in_order ... ok
test renderer::tests::second_order_mode_obeys_difference_equation ... ok
test renderer::tests::shared_mode_limits_follow_current_family_extremes ... ok
test renderer::tests::size_scaling_lowers_and_extends_pipe_modes ... ok
test renderer::tests::family_renders_separate_by_brightness_and_decay_behavior ... ok
test renderer::tests::size_scaling_lowers_and_extends_plate_modes ... ok
test renderer::tests::size_scaling_lowers_and_extends_tank_modes ... ok
test renderer::tests::tank_profile_is_available_through_shared_profile_system ... ok
test renderer::tests::rust_render_is_deterministic_and_reduces_brightness_and_decay ... ok
test renderer::tests::tank_profile_is_curated_for_boomier_cavity_like_metallic_direction ... ok
test renderer::tests::wav_writer_emits_pcm_header_and_payload ... ok
test renderer::tests::resonator_output_stays_finite_over_long_render ... ok
test renderer::tests::rust_variation_render_writes_expected_artifacts ... ok
test renderer::tests::tank_profile_render_stays_deterministic_and_differs_from_pipe_and_plate ... ok
test renderer::tests::render_is_deterministic_for_same_configuration ... ok

test result: ok. 37 passed; 0 failed; 0 ignored; 0 measured; 0 filtered out; finished in 0.05s

   Doc-tests corrotion

running 0 tests

test result: ok. 0 passed; 0 failed; 0 ignored; 0 measured; 0 filtered out; finished in 0.00s

   Compiling corrotion v0.1.0 (/mnt/c/Users/usuario/Documents/Projects/corrotion-vst)
error: linking with `rust-lld` failed: exit status: 1
  |
  = note:  "rust-lld" "-flavor" "gnu" "--version-script=/mnt/c/Users/usuario/Documents/Projects/corrotion-vst/../corrotion-target/x86_64-unknown-linux-gnu/release/deps/rustcZODNRl/list" "--no-undefined-version" "/mnt/c/Users/usuario/Documents/Projects/corrotion-vst/../corrotion-target/x86_64-unknown-linux-gnu/release/deps/rustcZODNRl/symbols.o" "<2 object files omitted>" "--as-needed" "-Bstatic" "<sysroot>/lib/rustlib/x86_64-unknown-linux-gnu/lib/{libstd-*,libpanic_unwind-*,libobject-*,libmemchr-*,libaddr2line-*,libgimli-*,libcfg_if-*,librustc_demangle-*,libstd_detect-*,libhashbrown-*,librustc_std_workspace_alloc-*,libminiz_oxide-*,libadler2-*,libunwind-*,liblibc-*,librustc_std_workspace_core-*,liballoc-*,libcore-*,libcompiler_builtins-*}.rlib" "-Bdynamic" "-lgcc_s" "-lutil" "-lrt" "-lpthread" "-lm" "-ldl" "-lc" "-L" "/mnt/c/Users/usuario/Documents/Projects/corrotion-vst/../corrotion-target/x86_64-unknown-linux-gnu/release/deps/rustcZODNRl/raw-dylibs" "--eh-frame-hdr" "-z" "noexecstack" "-L" "<sysroot>/lib/rustlib/x86_64-unknown-linux-gnu/lib" "-o" "/mnt/c/Users/usuario/Documents/Projects/corrotion-vst/../corrotion-target/x86_64-unknown-linux-gnu/release/deps/libcorrotion.so" "--gc-sections" "-shared" "-z" "relro" "-z" "now" "-O1" "--strip-debug"
  = note: some arguments are omitted. use `--verbose` to show all linker arguments
  = note: rust-lld: error: unable to find library -lgcc_s
          rust-lld: error: unable to find library -lutil
          rust-lld: error: unable to find library -lrt
          rust-lld: error: unable to find library -lpthread
          rust-lld: error: unable to find library -lm
          rust-lld: error: unable to find library -ldl
          rust-lld: error: unable to find library -lc
          

error: could not compile `corrotion` (lib) due to 1 previous error

CDYLIB_DEFERRED: default x86_64-unknown-linux-musl target drops unsupported cdylib crate type; x86_64-unknown-linux-gnu cdylib link attempted with rust-lld but failed due missing system C libraries (-lc, -lm, -ldl, etc.).
