================================================================================
G2-11: Hard Safety Limiter / Output Clip Validation Log
================================================================================
Task: Add a final-stage hard-knee limiter at -0.3 dBFS after output gain
Date: Sun May 03 2026
Status: PASSED

================================================================================
IMPLEMENTATION SUMMARY
================================================================================
- Added `LIMITER_THRESHOLD: f32 = 0.9661` in `src/lib.rs`.
- Replaced the final `[-1.0, 1.0]` clamp in `Corrosion::process()` with `apply_output_limiter(sample)`.
- Added `tests/limiter.rs` to verify threshold value and hard-clamp behavior.

================================================================================
VERIFICATION
================================================================================
- `lsp_diagnostics src/lib.rs` -> no diagnostics found
- `lsp_diagnostics tests/limiter.rs` -> no diagnostics found
- `cargo test --workspace --target x86_64-unknown-linux-gnu` -> PASS
  - 51 existing tests passed
  - 2 limiter tests passed
  - total suite passed
- `cargo build --workspace --target x86_64-unknown-linux-gnu --release` -> PASS

================================================================================
NOTES
================================================================================
- Default musl-target `cargo test --workspace` hit a pkg-config sysroot issue in this environment; native GNU verification was used instead.
