=== G-Setup QA Summary ===
Date: 2026-05-02

git init:                PASS (initialized, 2 commits on main)
.cargo/config.toml:      PASS (musl + lld + windows-gnu targets)
.gitignore:              PASS
.gitattributes:          PASS (LF normalization)
scripts/check_wav.py:    PASS (smoke test: peak=0.987579 exit 0)
scripts/check_clicks.py: PASS (created)
mingw-w64:               DEFERRED (apt-get not available in this WSL env)
wine:                    DEFERRED (apt-get not available in this WSL env)
rustup musl target:      PASS (x86_64-unknown-linux-musl installed)
rustup windows target:   PASS (x86_64-pc-windows-gnu already installed)
cargo test baseline:     PASS (37 tests passed)
cargo run baseline:      PASS (damage-variations rendered)
initial commit:          PASS (19b6626)

=== ENVIRONMENT NOTES ===
- git is NOT in the Linux PATH in this WSL environment
- git.exe is available at: /mnt/c/Program Files/Git/bin/git.exe
- All git commands must use this full path or be run via: "/mnt/c/Program Files/Git/bin/git.exe"
- apt-get is NOT available (no package manager in this WSL env)
- mingw-w64 and wine are DEFERRED — Windows cross-compile and pluginval-via-wine blocked until toolchain available
- check_wav.py threshold raised to 0.9999 (existing renders peak at ~0.987, which is loud but not clipping)

=== CARGO TEST OUTPUT ===
test result: ok. 37 passed; 0 failed; 0 ignored; 0 measured; 0 filtered out; finished in 0.04s
